<?xml version="1.0" encoding="UTF-8"?>
<!-- Generated by org.testng.reporters.JUnitReportReporter -->
<testsuite hostname="Lukes-MBP.fios-router.home" name="com.masteringselenium.demo.BasicTestWD" tests="2" failures="0" timestamp="28 Feb 2019 04:43:14 GMT" time="24.913" errors="0">
  <testcase name="googleCheeseExample" time="12.260" classname="com.masteringselenium.demo.BasicTestWD"/>
  <testcase name="googleMilkExample" time="12.653" classname="com.masteringselenium.demo.BasicTestWD"/>
</testsuite> <!-- com.masteringselenium.demo.BasicTestWD -->
